476b9ce47c04
*** Reading local file: /opt/airflow/logs/dag_id=monthly_stocks_etl/run_id=manual__2023-12-29T02:04:51.434451+00:00/task_id=email_task/attempt=1.log
[2023-12-29 02:05:00,937] {taskinstance.py:1179} INFO - Dependencies all met for <TaskInstance: monthly_stocks_etl.email_task manual__2023-12-29T02:04:51.434451+00:00 [queued]>
[2023-12-29 02:05:00,941] {taskinstance.py:1179} INFO - Dependencies all met for <TaskInstance: monthly_stocks_etl.email_task manual__2023-12-29T02:04:51.434451+00:00 [queued]>
[2023-12-29 02:05:00,941] {taskinstance.py:1376} INFO - 
--------------------------------------------------------------------------------
[2023-12-29 02:05:00,942] {taskinstance.py:1377} INFO - Starting attempt 1 of 2
[2023-12-29 02:05:00,942] {taskinstance.py:1378} INFO - 
--------------------------------------------------------------------------------
[2023-12-29 02:05:00,951] {taskinstance.py:1397} INFO - Executing <Task(PythonOperator): email_task> on 2023-12-29 02:04:51.434451+00:00
[2023-12-29 02:05:00,955] {standard_task_runner.py:52} INFO - Started process 303 to run task
[2023-12-29 02:05:00,958] {standard_task_runner.py:79} INFO - Running: ['***', 'tasks', 'run', 'monthly_stocks_etl', 'email_task', 'manual__2023-12-29T02:04:51.434451+00:00', '--job-id', '90', '--raw', '--subdir', 'DAGS_FOLDER/etl_dag.py', '--cfg-path', '/tmp/tmp7uzwiwxs', '--error-file', '/tmp/tmpdh69nl52']
[2023-12-29 02:05:00,959] {standard_task_runner.py:80} INFO - Job 90: Subtask email_task
[2023-12-29 02:05:01,000] {task_command.py:371} INFO - Running <TaskInstance: monthly_stocks_etl.email_task manual__2023-12-29T02:04:51.434451+00:00 [running]> on host 476b9ce47c04
[2023-12-29 02:05:01,053] {taskinstance.py:1591} INFO - Exporting the following env vars:
AIRFLOW_CTX_DAG_OWNER=***
AIRFLOW_CTX_DAG_ID=monthly_stocks_etl
AIRFLOW_CTX_TASK_ID=email_task
AIRFLOW_CTX_EXECUTION_DATE=2023-12-29T02:04:51.434451+00:00
AIRFLOW_CTX_TRY_NUMBER=1
AIRFLOW_CTX_DAG_RUN_ID=manual__2023-12-29T02:04:51.434451+00:00
[2023-12-29 02:05:04,422] {logging_mixin.py:115} INFO - Exito
[2023-12-29 02:05:04,427] {python.py:173} INFO - Done. Returned value was: None
[2023-12-29 02:05:04,460] {taskinstance.py:1420} INFO - Marking task as SUCCESS. dag_id=monthly_stocks_etl, task_id=email_task, execution_date=20231229T020451, start_date=20231229T020500, end_date=20231229T020504
[2023-12-29 02:05:04,497] {local_task_job.py:156} INFO - Task exited with return code 0
[2023-12-29 02:05:04,525] {local_task_job.py:273} INFO - 0 downstream tasks scheduled from follow-on schedule check

