[2023-12-29 02:01:42,401] {taskinstance.py:1179} INFO - Dependencies all met for <TaskInstance: monthly_stocks_etl.email_task manual__2023-12-29T02:01:33.504405+00:00 [queued]>
[2023-12-29 02:01:42,406] {taskinstance.py:1179} INFO - Dependencies all met for <TaskInstance: monthly_stocks_etl.email_task manual__2023-12-29T02:01:33.504405+00:00 [queued]>
[2023-12-29 02:01:42,406] {taskinstance.py:1376} INFO - 
--------------------------------------------------------------------------------
[2023-12-29 02:01:42,406] {taskinstance.py:1377} INFO - Starting attempt 1 of 2
[2023-12-29 02:01:42,407] {taskinstance.py:1378} INFO - 
--------------------------------------------------------------------------------
[2023-12-29 02:01:42,414] {taskinstance.py:1397} INFO - Executing <Task(PythonOperator): email_task> on 2023-12-29 02:01:33.504405+00:00
[2023-12-29 02:01:42,418] {standard_task_runner.py:52} INFO - Started process 211 to run task
[2023-12-29 02:01:42,420] {standard_task_runner.py:79} INFO - Running: ['***', 'tasks', 'run', 'monthly_stocks_etl', 'email_task', 'manual__2023-12-29T02:01:33.504405+00:00', '--job-id', '73', '--raw', '--subdir', 'DAGS_FOLDER/etl_dag.py', '--cfg-path', '/tmp/tmpgda7cw_0', '--error-file', '/tmp/tmp27wes4cl']
[2023-12-29 02:01:42,421] {standard_task_runner.py:80} INFO - Job 73: Subtask email_task
[2023-12-29 02:01:42,464] {task_command.py:371} INFO - Running <TaskInstance: monthly_stocks_etl.email_task manual__2023-12-29T02:01:33.504405+00:00 [running]> on host 476b9ce47c04
[2023-12-29 02:01:42,505] {taskinstance.py:1591} INFO - Exporting the following env vars:
AIRFLOW_CTX_DAG_OWNER=***
AIRFLOW_CTX_DAG_ID=monthly_stocks_etl
AIRFLOW_CTX_TASK_ID=email_task
AIRFLOW_CTX_EXECUTION_DATE=2023-12-29T02:01:33.504405+00:00
AIRFLOW_CTX_TRY_NUMBER=1
AIRFLOW_CTX_DAG_RUN_ID=manual__2023-12-29T02:01:33.504405+00:00
[2023-12-29 02:01:44,433] {logging_mixin.py:115} INFO - Exito
[2023-12-29 02:01:44,435] {python.py:173} INFO - Done. Returned value was: None
[2023-12-29 02:01:44,456] {taskinstance.py:1420} INFO - Marking task as SUCCESS. dag_id=monthly_stocks_etl, task_id=email_task, execution_date=20231229T020133, start_date=20231229T020142, end_date=20231229T020144
[2023-12-29 02:01:44,476] {local_task_job.py:156} INFO - Task exited with return code 0
[2023-12-29 02:01:44,498] {local_task_job.py:273} INFO - 0 downstream tasks scheduled from follow-on schedule check
