[2023-12-29 01:53:17,877] {taskinstance.py:1179} INFO - Dependencies all met for <TaskInstance: monthly_stocks_etl.email_task manual__2023-12-29T01:48:01.215151+00:00 [queued]>
[2023-12-29 01:53:17,882] {taskinstance.py:1179} INFO - Dependencies all met for <TaskInstance: monthly_stocks_etl.email_task manual__2023-12-29T01:48:01.215151+00:00 [queued]>
[2023-12-29 01:53:17,882] {taskinstance.py:1376} INFO - 
--------------------------------------------------------------------------------
[2023-12-29 01:53:17,883] {taskinstance.py:1377} INFO - Starting attempt 1 of 2
[2023-12-29 01:53:17,883] {taskinstance.py:1378} INFO - 
--------------------------------------------------------------------------------
[2023-12-29 01:53:17,889] {taskinstance.py:1397} INFO - Executing <Task(PythonOperator): email_task> on 2023-12-29 01:48:01.215151+00:00
[2023-12-29 01:53:17,892] {standard_task_runner.py:52} INFO - Started process 325 to run task
[2023-12-29 01:53:17,894] {standard_task_runner.py:79} INFO - Running: ['***', 'tasks', 'run', 'monthly_stocks_etl', 'email_task', 'manual__2023-12-29T01:48:01.215151+00:00', '--job-id', '61', '--raw', '--subdir', 'DAGS_FOLDER/etl_dag.py', '--cfg-path', '/tmp/tmpfevyilxt', '--error-file', '/tmp/tmpsekm3vkw']
[2023-12-29 01:53:17,895] {standard_task_runner.py:80} INFO - Job 61: Subtask email_task
[2023-12-29 01:53:17,927] {task_command.py:371} INFO - Running <TaskInstance: monthly_stocks_etl.email_task manual__2023-12-29T01:48:01.215151+00:00 [running]> on host 476b9ce47c04
[2023-12-29 01:53:17,962] {taskinstance.py:1591} INFO - Exporting the following env vars:
AIRFLOW_CTX_DAG_OWNER=***
AIRFLOW_CTX_DAG_ID=monthly_stocks_etl
AIRFLOW_CTX_TASK_ID=email_task
AIRFLOW_CTX_EXECUTION_DATE=2023-12-29T01:48:01.215151+00:00
AIRFLOW_CTX_TRY_NUMBER=1
AIRFLOW_CTX_DAG_RUN_ID=manual__2023-12-29T01:48:01.215151+00:00
[2023-12-29 01:53:19,766] {logging_mixin.py:115} INFO - Exito
[2023-12-29 01:53:19,769] {python.py:173} INFO - Done. Returned value was: None
[2023-12-29 01:53:19,800] {taskinstance.py:1420} INFO - Marking task as SUCCESS. dag_id=monthly_stocks_etl, task_id=email_task, execution_date=20231229T014801, start_date=20231229T015317, end_date=20231229T015319
[2023-12-29 01:53:19,856] {local_task_job.py:156} INFO - Task exited with return code 0
[2023-12-29 01:53:19,882] {local_task_job.py:273} INFO - 0 downstream tasks scheduled from follow-on schedule check
