[2023-12-29 01:13:17,268] {taskinstance.py:1179} INFO - Dependencies all met for <TaskInstance: dag_smtp_email_fin_mundo.dag_envio_fin_mundo manual__2023-12-29T01:13:17.042233+00:00 [queued]>
[2023-12-29 01:13:17,273] {taskinstance.py:1179} INFO - Dependencies all met for <TaskInstance: dag_smtp_email_fin_mundo.dag_envio_fin_mundo manual__2023-12-29T01:13:17.042233+00:00 [queued]>
[2023-12-29 01:13:17,274] {taskinstance.py:1376} INFO - 
--------------------------------------------------------------------------------
[2023-12-29 01:13:17,274] {taskinstance.py:1377} INFO - Starting attempt 1 of 1
[2023-12-29 01:13:17,274] {taskinstance.py:1378} INFO - 
--------------------------------------------------------------------------------
[2023-12-29 01:13:17,282] {taskinstance.py:1397} INFO - Executing <Task(PythonOperator): dag_envio_fin_mundo> on 2023-12-29 01:13:17.042233+00:00
[2023-12-29 01:13:17,284] {standard_task_runner.py:52} INFO - Started process 198 to run task
[2023-12-29 01:13:17,286] {standard_task_runner.py:79} INFO - Running: ['***', 'tasks', 'run', 'dag_smtp_email_fin_mundo', 'dag_envio_fin_mundo', 'manual__2023-12-29T01:13:17.042233+00:00', '--job-id', '50', '--raw', '--subdir', 'DAGS_FOLDER/dag_smtp_emails.py', '--cfg-path', '/tmp/tmpn0c3iuak', '--error-file', '/tmp/tmpbl34cg52']
[2023-12-29 01:13:17,287] {standard_task_runner.py:80} INFO - Job 50: Subtask dag_envio_fin_mundo
[2023-12-29 01:13:17,338] {task_command.py:371} INFO - Running <TaskInstance: dag_smtp_email_fin_mundo.dag_envio_fin_mundo manual__2023-12-29T01:13:17.042233+00:00 [running]> on host 476b9ce47c04
[2023-12-29 01:13:17,382] {taskinstance.py:1591} INFO - Exporting the following env vars:
AIRFLOW_CTX_DAG_OWNER=DavidBU
AIRFLOW_CTX_DAG_ID=dag_smtp_email_fin_mundo
AIRFLOW_CTX_TASK_ID=dag_envio_fin_mundo
AIRFLOW_CTX_EXECUTION_DATE=2023-12-29T01:13:17.042233+00:00
AIRFLOW_CTX_TRY_NUMBER=1
AIRFLOW_CTX_DAG_RUN_ID=manual__2023-12-29T01:13:17.042233+00:00
[2023-12-29 01:13:20,061] {logging_mixin.py:115} INFO - Exito
[2023-12-29 01:13:20,061] {python.py:173} INFO - Done. Returned value was: None
[2023-12-29 01:13:20,145] {taskinstance.py:1420} INFO - Marking task as SUCCESS. dag_id=dag_smtp_email_fin_mundo, task_id=dag_envio_fin_mundo, execution_date=20231229T011317, start_date=20231229T011317, end_date=20231229T011320
[2023-12-29 01:13:20,195] {local_task_job.py:156} INFO - Task exited with return code 0
[2023-12-29 01:13:20,217] {local_task_job.py:273} INFO - 0 downstream tasks scheduled from follow-on schedule check
