[2023-12-29 01:55:16,997] {taskinstance.py:1179} INFO - Dependencies all met for <TaskInstance: monthly_stocks_etl.etl_process manual__2023-12-29T01:55:15.127894+00:00 [queued]>
[2023-12-29 01:55:17,002] {taskinstance.py:1179} INFO - Dependencies all met for <TaskInstance: monthly_stocks_etl.etl_process manual__2023-12-29T01:55:15.127894+00:00 [queued]>
[2023-12-29 01:55:17,003] {taskinstance.py:1376} INFO - 
--------------------------------------------------------------------------------
[2023-12-29 01:55:17,003] {taskinstance.py:1377} INFO - Starting attempt 1 of 2
[2023-12-29 01:55:17,003] {taskinstance.py:1378} INFO - 
--------------------------------------------------------------------------------
[2023-12-29 01:55:17,010] {taskinstance.py:1397} INFO - Executing <Task(PythonOperator): etl_process> on 2023-12-29 01:55:15.127894+00:00
[2023-12-29 01:55:17,013] {standard_task_runner.py:52} INFO - Started process 204 to run task
[2023-12-29 01:55:17,016] {standard_task_runner.py:79} INFO - Running: ['***', 'tasks', 'run', 'monthly_stocks_etl', 'etl_process', 'manual__2023-12-29T01:55:15.127894+00:00', '--job-id', '63', '--raw', '--subdir', 'DAGS_FOLDER/etl_dag.py', '--cfg-path', '/tmp/tmpqj5wva0n', '--error-file', '/tmp/tmp2k3wtz2i']
[2023-12-29 01:55:17,017] {standard_task_runner.py:80} INFO - Job 63: Subtask etl_process
[2023-12-29 01:55:17,053] {task_command.py:371} INFO - Running <TaskInstance: monthly_stocks_etl.etl_process manual__2023-12-29T01:55:15.127894+00:00 [running]> on host 476b9ce47c04
[2023-12-29 01:55:17,092] {taskinstance.py:1591} INFO - Exporting the following env vars:
AIRFLOW_CTX_DAG_OWNER=***
AIRFLOW_CTX_DAG_ID=monthly_stocks_etl
AIRFLOW_CTX_TASK_ID=etl_process
AIRFLOW_CTX_EXECUTION_DATE=2023-12-29T01:55:15.127894+00:00
AIRFLOW_CTX_TRY_NUMBER=1
AIRFLOW_CTX_DAG_RUN_ID=manual__2023-12-29T01:55:15.127894+00:00
[2023-12-29 01:55:18,130] {logging_mixin.py:115} INFO - Connected to Redshift successfully!
[2023-12-29 01:55:19,372] {logging_mixin.py:115} INFO - <Response [200]>
[2023-12-29 01:55:20,566] {logging_mixin.py:115} INFO - <Response [200]>
[2023-12-29 01:55:20,639] {logging_mixin.py:115} INFO - <class 'pandas.core.frame.DataFrame'>
RangeIndex: 578 entries, 0 to 577
Data columns (total 9 columns):
 #   Column           Non-Null Count  Dtype         
---  ------           --------------  -----         
 0   open             578 non-null    float64       
 1   high             578 non-null    float64       
 2   low              578 non-null    float64       
 3   close            578 non-null    float64       
 4   adjusted close   578 non-null    float64       
 5   volume           578 non-null    int64         
 6   dividend amount  578 non-null    float64       
 7   date             578 non-null    datetime64[ns]
 8   symbol           578 non-null    object        
dtypes: datetime64[ns](1), float64(6), int64(1), object(1)
memory usage: 40.8+ KB
[2023-12-29 01:55:21,248] {logging_mixin.py:115} INFO - Tabla creada exitosamente
[2023-12-29 01:55:21,249] {logging_mixin.py:115} INFO - ['open', 'high', 'low', 'close', 'adjusted close', 'volume', 'dividend amount', 'date', 'symbol']
[2023-12-29 01:55:21,249] {logging_mixin.py:115} INFO - 
            CREATE TABLE IF NOT EXISTS monthly_stocks_over_time ("open" FLOAT, "high" FLOAT, "low" FLOAT, "close" FLOAT, "adjusted close" FLOAT, "volume" VARCHAR(255), "dividend amount" FLOAT, "date" TIMESTAMP, "symbol" VARCHAR(255));
            
[2023-12-29 01:55:22,903] {logging_mixin.py:115} INFO - Proceso terminado
[2023-12-29 01:55:22,912] {logging_mixin.py:115} INFO - ['2020-09-30']
[2023-12-29 01:55:22,944] {logging_mixin.py:115} INFO - Rows with volume > 3000:
[2023-12-29 01:55:22,955] {logging_mixin.py:115} INFO -       open    high    low   close  ...  volume  dividend amount       date symbol
78  132.76  137.98  103.1  115.81  ...    3887              0.0 2020-09-30   AAPL

[1 rows x 9 columns]
[2023-12-29 01:55:22,956] {python.py:173} INFO - Done. Returned value was: None
[2023-12-29 01:55:22,967] {taskinstance.py:1420} INFO - Marking task as SUCCESS. dag_id=monthly_stocks_etl, task_id=etl_process, execution_date=20231229T015515, start_date=20231229T015516, end_date=20231229T015522
[2023-12-29 01:55:23,000] {local_task_job.py:156} INFO - Task exited with return code 0
[2023-12-29 01:55:23,016] {local_task_job.py:273} INFO - 1 downstream tasks scheduled from follow-on schedule check
