[2023-12-29 02:12:46,452] {taskinstance.py:1179} INFO - Dependencies all met for <TaskInstance: monthly_stocks_etl.email_task manual__2023-12-29T02:12:37.041334+00:00 [queued]>
[2023-12-29 02:12:46,457] {taskinstance.py:1179} INFO - Dependencies all met for <TaskInstance: monthly_stocks_etl.email_task manual__2023-12-29T02:12:37.041334+00:00 [queued]>
[2023-12-29 02:12:46,458] {taskinstance.py:1376} INFO - 
--------------------------------------------------------------------------------
[2023-12-29 02:12:46,458] {taskinstance.py:1377} INFO - Starting attempt 1 of 2
[2023-12-29 02:12:46,458] {taskinstance.py:1378} INFO - 
--------------------------------------------------------------------------------
[2023-12-29 02:12:46,464] {taskinstance.py:1397} INFO - Executing <Task(PythonOperator): email_task> on 2023-12-29 02:12:37.041334+00:00
[2023-12-29 02:12:46,468] {standard_task_runner.py:52} INFO - Started process 207 to run task
[2023-12-29 02:12:46,470] {standard_task_runner.py:79} INFO - Running: ['***', 'tasks', 'run', 'monthly_stocks_etl', 'email_task', 'manual__2023-12-29T02:12:37.041334+00:00', '--job-id', '93', '--raw', '--subdir', 'DAGS_FOLDER/etl_dag.py', '--cfg-path', '/tmp/tmpexzgde1p', '--error-file', '/tmp/tmp9h_2rj16']
[2023-12-29 02:12:46,471] {standard_task_runner.py:80} INFO - Job 93: Subtask email_task
[2023-12-29 02:12:46,510] {task_command.py:371} INFO - Running <TaskInstance: monthly_stocks_etl.email_task manual__2023-12-29T02:12:37.041334+00:00 [running]> on host 476b9ce47c04
[2023-12-29 02:12:46,547] {taskinstance.py:1591} INFO - Exporting the following env vars:
AIRFLOW_CTX_DAG_OWNER=***
AIRFLOW_CTX_DAG_ID=monthly_stocks_etl
AIRFLOW_CTX_TASK_ID=email_task
AIRFLOW_CTX_EXECUTION_DATE=2023-12-29T02:12:37.041334+00:00
AIRFLOW_CTX_TRY_NUMBER=1
AIRFLOW_CTX_DAG_RUN_ID=manual__2023-12-29T02:12:37.041334+00:00
[2023-12-29 02:12:49,375] {logging_mixin.py:115} INFO - Exito
[2023-12-29 02:12:49,377] {python.py:173} INFO - Done. Returned value was: None
[2023-12-29 02:12:49,399] {taskinstance.py:1420} INFO - Marking task as SUCCESS. dag_id=monthly_stocks_etl, task_id=email_task, execution_date=20231229T021237, start_date=20231229T021246, end_date=20231229T021249
[2023-12-29 02:12:49,418] {local_task_job.py:156} INFO - Task exited with return code 0
[2023-12-29 02:12:49,446] {local_task_job.py:273} INFO - 0 downstream tasks scheduled from follow-on schedule check
