[2023-12-30 00:00:13,918] {taskinstance.py:1179} INFO - Dependencies all met for <TaskInstance: monthly_stocks_etl.email_task scheduled__2023-12-29T00:00:00+00:00 [queued]>
[2023-12-30 00:00:13,922] {taskinstance.py:1179} INFO - Dependencies all met for <TaskInstance: monthly_stocks_etl.email_task scheduled__2023-12-29T00:00:00+00:00 [queued]>
[2023-12-30 00:00:13,923] {taskinstance.py:1376} INFO - 
--------------------------------------------------------------------------------
[2023-12-30 00:00:13,923] {taskinstance.py:1377} INFO - Starting attempt 1 of 2
[2023-12-30 00:00:13,923] {taskinstance.py:1378} INFO - 
--------------------------------------------------------------------------------
[2023-12-30 00:00:13,929] {taskinstance.py:1397} INFO - Executing <Task(PythonOperator): email_task> on 2023-12-29 00:00:00+00:00
[2023-12-30 00:00:13,933] {standard_task_runner.py:52} INFO - Started process 6469 to run task
[2023-12-30 00:00:13,935] {standard_task_runner.py:79} INFO - Running: ['***', 'tasks', 'run', 'monthly_stocks_etl', 'email_task', 'scheduled__2023-12-29T00:00:00+00:00', '--job-id', '96', '--raw', '--subdir', 'DAGS_FOLDER/etl_dag.py', '--cfg-path', '/tmp/tmp63z33oiv', '--error-file', '/tmp/tmpznjg7q4v']
[2023-12-30 00:00:13,936] {standard_task_runner.py:80} INFO - Job 96: Subtask email_task
[2023-12-30 00:00:13,968] {task_command.py:371} INFO - Running <TaskInstance: monthly_stocks_etl.email_task scheduled__2023-12-29T00:00:00+00:00 [running]> on host 476b9ce47c04
[2023-12-30 00:00:14,003] {taskinstance.py:1591} INFO - Exporting the following env vars:
AIRFLOW_CTX_DAG_OWNER=***
AIRFLOW_CTX_DAG_ID=monthly_stocks_etl
AIRFLOW_CTX_TASK_ID=email_task
AIRFLOW_CTX_EXECUTION_DATE=2023-12-29T00:00:00+00:00
AIRFLOW_CTX_TRY_NUMBER=1
AIRFLOW_CTX_DAG_RUN_ID=scheduled__2023-12-29T00:00:00+00:00
[2023-12-30 00:00:16,680] {logging_mixin.py:115} INFO - Exito
[2023-12-30 00:00:16,683] {python.py:173} INFO - Done. Returned value was: None
[2023-12-30 00:00:16,716] {taskinstance.py:1420} INFO - Marking task as SUCCESS. dag_id=monthly_stocks_etl, task_id=email_task, execution_date=20231229T000000, start_date=20231230T000013, end_date=20231230T000016
[2023-12-30 00:00:16,757] {local_task_job.py:156} INFO - Task exited with return code 0
[2023-12-30 00:00:16,776] {local_task_job.py:273} INFO - 0 downstream tasks scheduled from follow-on schedule check
