[2023-12-28 04:51:01,641] {processor.py:153} INFO - Started process (PID=174) to work on /opt/airflow/dags/etl_dag.py
[2023-12-28 04:51:01,643] {processor.py:641} INFO - Processing file /opt/airflow/dags/etl_dag.py for tasks to queue
[2023-12-28 04:51:01,645] {logging_mixin.py:115} INFO - [2023-12-28 04:51:01,645] {dagbag.py:508} INFO - Filling up the DagBag from /opt/airflow/dags/etl_dag.py
[2023-12-28 04:51:02,607] {logging_mixin.py:115} INFO - [2023-12-28 04:51:02,607] {font_manager.py:1443} INFO - generated new fontManager
[2023-12-28 04:51:03,277] {processor.py:651} INFO - DAG(s) dict_keys(['monthly_stocks_etl']) retrieved from /opt/airflow/dags/etl_dag.py
[2023-12-28 04:51:03,333] {logging_mixin.py:115} INFO - [2023-12-28 04:51:03,333] {manager.py:508} INFO - Created Permission View: can delete on DAG:monthly_stocks_etl
[2023-12-28 04:51:03,339] {logging_mixin.py:115} INFO - [2023-12-28 04:51:03,339] {manager.py:508} INFO - Created Permission View: can edit on DAG:monthly_stocks_etl
[2023-12-28 04:51:03,344] {logging_mixin.py:115} INFO - [2023-12-28 04:51:03,344] {manager.py:508} INFO - Created Permission View: can read on DAG:monthly_stocks_etl
[2023-12-28 04:51:03,344] {logging_mixin.py:115} INFO - [2023-12-28 04:51:03,344] {dag.py:2420} INFO - Sync 1 DAGs
[2023-12-28 04:51:03,350] {logging_mixin.py:115} INFO - [2023-12-28 04:51:03,349] {dag.py:2439} INFO - Creating ORM DAG for monthly_stocks_etl
[2023-12-28 04:51:03,359] {logging_mixin.py:115} INFO - [2023-12-28 04:51:03,359] {dag.py:2972} INFO - Setting next_dagrun for monthly_stocks_etl to 2023-12-10T00:00:00+00:00, run_after=2023-12-11T00:00:00+00:00
[2023-12-28 04:51:03,374] {processor.py:161} INFO - Processing /opt/airflow/dags/etl_dag.py took 1.740 seconds
[2023-12-28 04:51:13,538] {processor.py:153} INFO - Started process (PID=183) to work on /opt/airflow/dags/etl_dag.py
[2023-12-28 04:51:13,540] {processor.py:641} INFO - Processing file /opt/airflow/dags/etl_dag.py for tasks to queue
[2023-12-28 04:51:13,541] {logging_mixin.py:115} INFO - [2023-12-28 04:51:13,541] {dagbag.py:508} INFO - Filling up the DagBag from /opt/airflow/dags/etl_dag.py
[2023-12-28 04:51:15,897] {processor.py:651} INFO - DAG(s) dict_keys(['monthly_stocks_etl']) retrieved from /opt/airflow/dags/etl_dag.py
[2023-12-28 04:51:15,932] {logging_mixin.py:115} INFO - [2023-12-28 04:51:15,932] {dag.py:2420} INFO - Sync 1 DAGs
[2023-12-28 04:51:15,971] {logging_mixin.py:115} INFO - [2023-12-28 04:51:15,971] {dag.py:2972} INFO - Setting next_dagrun for monthly_stocks_etl to 2023-12-10T00:00:00+00:00, run_after=2023-12-11T00:00:00+00:00
[2023-12-28 04:51:15,979] {processor.py:161} INFO - Processing /opt/airflow/dags/etl_dag.py took 2.469 seconds
[2023-12-28 04:51:26,246] {processor.py:153} INFO - Started process (PID=189) to work on /opt/airflow/dags/etl_dag.py
[2023-12-28 04:51:26,249] {processor.py:641} INFO - Processing file /opt/airflow/dags/etl_dag.py for tasks to queue
[2023-12-28 04:51:26,252] {logging_mixin.py:115} INFO - [2023-12-28 04:51:26,252] {dagbag.py:508} INFO - Filling up the DagBag from /opt/airflow/dags/etl_dag.py
[2023-12-28 04:51:28,962] {processor.py:651} INFO - DAG(s) dict_keys(['monthly_stocks_etl']) retrieved from /opt/airflow/dags/etl_dag.py
[2023-12-28 04:51:29,013] {logging_mixin.py:115} INFO - [2023-12-28 04:51:29,013] {dag.py:2420} INFO - Sync 1 DAGs
[2023-12-28 04:51:29,039] {logging_mixin.py:115} INFO - [2023-12-28 04:51:29,039] {dag.py:2972} INFO - Setting next_dagrun for monthly_stocks_etl to 2023-12-10T00:00:00+00:00, run_after=2023-12-11T00:00:00+00:00
[2023-12-28 04:51:29,051] {processor.py:161} INFO - Processing /opt/airflow/dags/etl_dag.py took 2.841 seconds
[2023-12-28 04:51:39,175] {processor.py:153} INFO - Started process (PID=195) to work on /opt/airflow/dags/etl_dag.py
[2023-12-28 04:51:39,178] {processor.py:641} INFO - Processing file /opt/airflow/dags/etl_dag.py for tasks to queue
[2023-12-28 04:51:39,179] {logging_mixin.py:115} INFO - [2023-12-28 04:51:39,179] {dagbag.py:508} INFO - Filling up the DagBag from /opt/airflow/dags/etl_dag.py
[2023-12-28 04:51:41,275] {processor.py:651} INFO - DAG(s) dict_keys(['monthly_stocks_etl']) retrieved from /opt/airflow/dags/etl_dag.py
[2023-12-28 04:51:41,311] {logging_mixin.py:115} INFO - [2023-12-28 04:51:41,310] {dag.py:2420} INFO - Sync 1 DAGs
[2023-12-28 04:51:41,332] {logging_mixin.py:115} INFO - [2023-12-28 04:51:41,332] {dag.py:2972} INFO - Setting next_dagrun for monthly_stocks_etl to 2023-12-10T00:00:00+00:00, run_after=2023-12-11T00:00:00+00:00
[2023-12-28 04:51:41,340] {processor.py:161} INFO - Processing /opt/airflow/dags/etl_dag.py took 2.181 seconds
[2023-12-28 04:51:51,439] {processor.py:153} INFO - Started process (PID=201) to work on /opt/airflow/dags/etl_dag.py
[2023-12-28 04:51:51,440] {processor.py:641} INFO - Processing file /opt/airflow/dags/etl_dag.py for tasks to queue
[2023-12-28 04:51:51,441] {logging_mixin.py:115} INFO - [2023-12-28 04:51:51,441] {dagbag.py:508} INFO - Filling up the DagBag from /opt/airflow/dags/etl_dag.py
[2023-12-28 04:51:52,643] {processor.py:651} INFO - DAG(s) dict_keys(['monthly_stocks_etl']) retrieved from /opt/airflow/dags/etl_dag.py
[2023-12-28 04:51:52,668] {logging_mixin.py:115} INFO - [2023-12-28 04:51:52,668] {dag.py:2420} INFO - Sync 1 DAGs
[2023-12-28 04:51:52,684] {logging_mixin.py:115} INFO - [2023-12-28 04:51:52,683] {dag.py:2972} INFO - Setting next_dagrun for monthly_stocks_etl to 2023-12-10T00:00:00+00:00, run_after=2023-12-11T00:00:00+00:00
[2023-12-28 04:51:52,690] {processor.py:161} INFO - Processing /opt/airflow/dags/etl_dag.py took 1.262 seconds
[2023-12-28 04:52:02,832] {processor.py:153} INFO - Started process (PID=207) to work on /opt/airflow/dags/etl_dag.py
[2023-12-28 04:52:02,852] {processor.py:641} INFO - Processing file /opt/airflow/dags/etl_dag.py for tasks to queue
[2023-12-28 04:52:02,856] {logging_mixin.py:115} INFO - [2023-12-28 04:52:02,856] {dagbag.py:508} INFO - Filling up the DagBag from /opt/airflow/dags/etl_dag.py
[2023-12-28 04:52:04,300] {processor.py:651} INFO - DAG(s) dict_keys(['monthly_stocks_etl']) retrieved from /opt/airflow/dags/etl_dag.py
[2023-12-28 04:52:04,329] {logging_mixin.py:115} INFO - [2023-12-28 04:52:04,329] {dag.py:2420} INFO - Sync 1 DAGs
[2023-12-28 04:52:04,348] {logging_mixin.py:115} INFO - [2023-12-28 04:52:04,348] {dag.py:2972} INFO - Setting next_dagrun for monthly_stocks_etl to 2023-12-10T00:00:00+00:00, run_after=2023-12-11T00:00:00+00:00
[2023-12-28 04:52:04,358] {processor.py:161} INFO - Processing /opt/airflow/dags/etl_dag.py took 1.581 seconds
[2023-12-28 04:52:14,452] {processor.py:153} INFO - Started process (PID=213) to work on /opt/airflow/dags/etl_dag.py
[2023-12-28 04:52:14,452] {processor.py:641} INFO - Processing file /opt/airflow/dags/etl_dag.py for tasks to queue
[2023-12-28 04:52:14,453] {logging_mixin.py:115} INFO - [2023-12-28 04:52:14,453] {dagbag.py:508} INFO - Filling up the DagBag from /opt/airflow/dags/etl_dag.py
[2023-12-28 04:52:15,259] {processor.py:651} INFO - DAG(s) dict_keys(['monthly_stocks_etl']) retrieved from /opt/airflow/dags/etl_dag.py
[2023-12-28 04:52:15,277] {logging_mixin.py:115} INFO - [2023-12-28 04:52:15,277] {dag.py:2420} INFO - Sync 1 DAGs
[2023-12-28 04:52:15,294] {logging_mixin.py:115} INFO - [2023-12-28 04:52:15,294] {dag.py:2972} INFO - Setting next_dagrun for monthly_stocks_etl to 2023-12-10T00:00:00+00:00, run_after=2023-12-11T00:00:00+00:00
[2023-12-28 04:52:15,307] {processor.py:161} INFO - Processing /opt/airflow/dags/etl_dag.py took 0.857 seconds
[2023-12-28 04:52:25,354] {processor.py:153} INFO - Started process (PID=219) to work on /opt/airflow/dags/etl_dag.py
[2023-12-28 04:52:25,354] {processor.py:641} INFO - Processing file /opt/airflow/dags/etl_dag.py for tasks to queue
[2023-12-28 04:52:25,355] {logging_mixin.py:115} INFO - [2023-12-28 04:52:25,355] {dagbag.py:508} INFO - Filling up the DagBag from /opt/airflow/dags/etl_dag.py
[2023-12-28 04:52:25,959] {processor.py:651} INFO - DAG(s) dict_keys(['monthly_stocks_etl']) retrieved from /opt/airflow/dags/etl_dag.py
[2023-12-28 04:52:25,970] {logging_mixin.py:115} INFO - [2023-12-28 04:52:25,969] {dag.py:2420} INFO - Sync 1 DAGs
[2023-12-28 04:52:25,979] {logging_mixin.py:115} INFO - [2023-12-28 04:52:25,979] {dag.py:2972} INFO - Setting next_dagrun for monthly_stocks_etl to 2023-12-10T00:00:00+00:00, run_after=2023-12-11T00:00:00+00:00
[2023-12-28 04:52:25,984] {processor.py:161} INFO - Processing /opt/airflow/dags/etl_dag.py took 0.631 seconds
[2023-12-28 04:52:36,094] {processor.py:153} INFO - Started process (PID=225) to work on /opt/airflow/dags/etl_dag.py
[2023-12-28 04:52:36,096] {processor.py:641} INFO - Processing file /opt/airflow/dags/etl_dag.py for tasks to queue
[2023-12-28 04:52:36,097] {logging_mixin.py:115} INFO - [2023-12-28 04:52:36,097] {dagbag.py:508} INFO - Filling up the DagBag from /opt/airflow/dags/etl_dag.py
[2023-12-28 04:52:36,839] {processor.py:651} INFO - DAG(s) dict_keys(['monthly_stocks_etl']) retrieved from /opt/airflow/dags/etl_dag.py
[2023-12-28 04:52:36,851] {logging_mixin.py:115} INFO - [2023-12-28 04:52:36,851] {dag.py:2420} INFO - Sync 1 DAGs
[2023-12-28 04:52:36,861] {logging_mixin.py:115} INFO - [2023-12-28 04:52:36,861] {dag.py:2972} INFO - Setting next_dagrun for monthly_stocks_etl to 2023-12-10T00:00:00+00:00, run_after=2023-12-11T00:00:00+00:00
[2023-12-28 04:52:36,866] {processor.py:161} INFO - Processing /opt/airflow/dags/etl_dag.py took 0.782 seconds
[2023-12-28 04:52:46,917] {processor.py:153} INFO - Started process (PID=231) to work on /opt/airflow/dags/etl_dag.py
[2023-12-28 04:52:46,918] {processor.py:641} INFO - Processing file /opt/airflow/dags/etl_dag.py for tasks to queue
[2023-12-28 04:52:46,918] {logging_mixin.py:115} INFO - [2023-12-28 04:52:46,918] {dagbag.py:508} INFO - Filling up the DagBag from /opt/airflow/dags/etl_dag.py
[2023-12-28 04:52:47,500] {processor.py:651} INFO - DAG(s) dict_keys(['monthly_stocks_etl']) retrieved from /opt/airflow/dags/etl_dag.py
[2023-12-28 04:52:47,510] {logging_mixin.py:115} INFO - [2023-12-28 04:52:47,510] {dag.py:2420} INFO - Sync 1 DAGs
[2023-12-28 04:52:47,519] {logging_mixin.py:115} INFO - [2023-12-28 04:52:47,519] {dag.py:2972} INFO - Setting next_dagrun for monthly_stocks_etl to 2023-12-10T00:00:00+00:00, run_after=2023-12-11T00:00:00+00:00
[2023-12-28 04:52:47,524] {processor.py:161} INFO - Processing /opt/airflow/dags/etl_dag.py took 0.609 seconds
[2023-12-28 04:52:57,627] {processor.py:153} INFO - Started process (PID=237) to work on /opt/airflow/dags/etl_dag.py
[2023-12-28 04:52:57,628] {processor.py:641} INFO - Processing file /opt/airflow/dags/etl_dag.py for tasks to queue
[2023-12-28 04:52:57,629] {logging_mixin.py:115} INFO - [2023-12-28 04:52:57,629] {dagbag.py:508} INFO - Filling up the DagBag from /opt/airflow/dags/etl_dag.py
[2023-12-28 04:52:58,247] {processor.py:651} INFO - DAG(s) dict_keys(['monthly_stocks_etl']) retrieved from /opt/airflow/dags/etl_dag.py
[2023-12-28 04:52:58,258] {logging_mixin.py:115} INFO - [2023-12-28 04:52:58,258] {dag.py:2420} INFO - Sync 1 DAGs
[2023-12-28 04:52:58,269] {logging_mixin.py:115} INFO - [2023-12-28 04:52:58,269] {dag.py:2972} INFO - Setting next_dagrun for monthly_stocks_etl to 2023-12-10T00:00:00+00:00, run_after=2023-12-11T00:00:00+00:00
[2023-12-28 04:52:58,274] {processor.py:161} INFO - Processing /opt/airflow/dags/etl_dag.py took 0.651 seconds
[2023-12-28 04:53:08,385] {processor.py:153} INFO - Started process (PID=243) to work on /opt/airflow/dags/etl_dag.py
[2023-12-28 04:53:08,387] {processor.py:641} INFO - Processing file /opt/airflow/dags/etl_dag.py for tasks to queue
[2023-12-28 04:53:08,388] {logging_mixin.py:115} INFO - [2023-12-28 04:53:08,387] {dagbag.py:508} INFO - Filling up the DagBag from /opt/airflow/dags/etl_dag.py
[2023-12-28 04:53:08,973] {processor.py:651} INFO - DAG(s) dict_keys(['monthly_stocks_etl']) retrieved from /opt/airflow/dags/etl_dag.py
[2023-12-28 04:53:08,983] {logging_mixin.py:115} INFO - [2023-12-28 04:53:08,982] {dag.py:2420} INFO - Sync 1 DAGs
[2023-12-28 04:53:08,991] {logging_mixin.py:115} INFO - [2023-12-28 04:53:08,991] {dag.py:2972} INFO - Setting next_dagrun for monthly_stocks_etl to 2023-12-10T00:00:00+00:00, run_after=2023-12-11T00:00:00+00:00
[2023-12-28 04:53:08,997] {processor.py:161} INFO - Processing /opt/airflow/dags/etl_dag.py took 0.617 seconds
[2023-12-28 04:53:19,108] {processor.py:153} INFO - Started process (PID=249) to work on /opt/airflow/dags/etl_dag.py
[2023-12-28 04:53:19,109] {processor.py:641} INFO - Processing file /opt/airflow/dags/etl_dag.py for tasks to queue
[2023-12-28 04:53:19,110] {logging_mixin.py:115} INFO - [2023-12-28 04:53:19,109] {dagbag.py:508} INFO - Filling up the DagBag from /opt/airflow/dags/etl_dag.py
[2023-12-28 04:53:19,734] {processor.py:651} INFO - DAG(s) dict_keys(['monthly_stocks_etl']) retrieved from /opt/airflow/dags/etl_dag.py
[2023-12-28 04:53:19,744] {logging_mixin.py:115} INFO - [2023-12-28 04:53:19,743] {dag.py:2420} INFO - Sync 1 DAGs
[2023-12-28 04:53:19,753] {logging_mixin.py:115} INFO - [2023-12-28 04:53:19,753] {dag.py:2972} INFO - Setting next_dagrun for monthly_stocks_etl to 2023-12-10T00:00:00+00:00, run_after=2023-12-11T00:00:00+00:00
[2023-12-28 04:53:19,758] {processor.py:161} INFO - Processing /opt/airflow/dags/etl_dag.py took 0.653 seconds
[2023-12-28 04:53:29,862] {processor.py:153} INFO - Started process (PID=271) to work on /opt/airflow/dags/etl_dag.py
[2023-12-28 04:53:29,863] {processor.py:641} INFO - Processing file /opt/airflow/dags/etl_dag.py for tasks to queue
[2023-12-28 04:53:29,864] {logging_mixin.py:115} INFO - [2023-12-28 04:53:29,863] {dagbag.py:508} INFO - Filling up the DagBag from /opt/airflow/dags/etl_dag.py
[2023-12-28 04:53:31,143] {processor.py:651} INFO - DAG(s) dict_keys(['monthly_stocks_etl']) retrieved from /opt/airflow/dags/etl_dag.py
[2023-12-28 04:53:31,198] {logging_mixin.py:115} INFO - [2023-12-28 04:53:31,197] {dag.py:2420} INFO - Sync 1 DAGs
[2023-12-28 04:53:31,270] {processor.py:161} INFO - Processing /opt/airflow/dags/etl_dag.py took 1.416 seconds
[2023-12-28 04:53:41,417] {processor.py:153} INFO - Started process (PID=309) to work on /opt/airflow/dags/etl_dag.py
[2023-12-28 04:53:41,418] {processor.py:641} INFO - Processing file /opt/airflow/dags/etl_dag.py for tasks to queue
[2023-12-28 04:53:41,421] {logging_mixin.py:115} INFO - [2023-12-28 04:53:41,421] {dagbag.py:508} INFO - Filling up the DagBag from /opt/airflow/dags/etl_dag.py
[2023-12-28 04:53:42,324] {processor.py:651} INFO - DAG(s) dict_keys(['monthly_stocks_etl']) retrieved from /opt/airflow/dags/etl_dag.py
[2023-12-28 04:53:42,335] {logging_mixin.py:115} INFO - [2023-12-28 04:53:42,335] {dag.py:2420} INFO - Sync 1 DAGs
[2023-12-28 04:53:42,348] {processor.py:161} INFO - Processing /opt/airflow/dags/etl_dag.py took 0.937 seconds
[2023-12-28 04:53:52,428] {processor.py:153} INFO - Started process (PID=315) to work on /opt/airflow/dags/etl_dag.py
[2023-12-28 04:53:52,428] {processor.py:641} INFO - Processing file /opt/airflow/dags/etl_dag.py for tasks to queue
[2023-12-28 04:53:52,429] {logging_mixin.py:115} INFO - [2023-12-28 04:53:52,429] {dagbag.py:508} INFO - Filling up the DagBag from /opt/airflow/dags/etl_dag.py
[2023-12-28 04:53:53,121] {processor.py:651} INFO - DAG(s) dict_keys(['monthly_stocks_etl']) retrieved from /opt/airflow/dags/etl_dag.py
[2023-12-28 04:53:53,132] {logging_mixin.py:115} INFO - [2023-12-28 04:53:53,132] {dag.py:2420} INFO - Sync 1 DAGs
[2023-12-28 04:53:53,147] {processor.py:161} INFO - Processing /opt/airflow/dags/etl_dag.py took 0.722 seconds
[2023-12-28 04:54:03,277] {processor.py:153} INFO - Started process (PID=321) to work on /opt/airflow/dags/etl_dag.py
[2023-12-28 04:54:03,278] {processor.py:641} INFO - Processing file /opt/airflow/dags/etl_dag.py for tasks to queue
[2023-12-28 04:54:03,279] {logging_mixin.py:115} INFO - [2023-12-28 04:54:03,279] {dagbag.py:508} INFO - Filling up the DagBag from /opt/airflow/dags/etl_dag.py
[2023-12-28 04:54:03,901] {processor.py:651} INFO - DAG(s) dict_keys(['monthly_stocks_etl']) retrieved from /opt/airflow/dags/etl_dag.py
[2023-12-28 04:54:03,910] {logging_mixin.py:115} INFO - [2023-12-28 04:54:03,910] {dag.py:2420} INFO - Sync 1 DAGs
[2023-12-28 04:54:03,923] {processor.py:161} INFO - Processing /opt/airflow/dags/etl_dag.py took 0.650 seconds
[2023-12-28 04:54:14,003] {processor.py:153} INFO - Started process (PID=327) to work on /opt/airflow/dags/etl_dag.py
[2023-12-28 04:54:14,003] {processor.py:641} INFO - Processing file /opt/airflow/dags/etl_dag.py for tasks to queue
[2023-12-28 04:54:14,004] {logging_mixin.py:115} INFO - [2023-12-28 04:54:14,004] {dagbag.py:508} INFO - Filling up the DagBag from /opt/airflow/dags/etl_dag.py
[2023-12-28 04:54:14,599] {processor.py:651} INFO - DAG(s) dict_keys(['monthly_stocks_etl']) retrieved from /opt/airflow/dags/etl_dag.py
[2023-12-28 04:54:14,608] {logging_mixin.py:115} INFO - [2023-12-28 04:54:14,608] {dag.py:2420} INFO - Sync 1 DAGs
[2023-12-28 04:54:14,621] {processor.py:161} INFO - Processing /opt/airflow/dags/etl_dag.py took 0.621 seconds
[2023-12-28 04:54:24,700] {processor.py:153} INFO - Started process (PID=333) to work on /opt/airflow/dags/etl_dag.py
[2023-12-28 04:54:24,701] {processor.py:641} INFO - Processing file /opt/airflow/dags/etl_dag.py for tasks to queue
[2023-12-28 04:54:24,701] {logging_mixin.py:115} INFO - [2023-12-28 04:54:24,701] {dagbag.py:508} INFO - Filling up the DagBag from /opt/airflow/dags/etl_dag.py
[2023-12-28 04:54:25,326] {processor.py:651} INFO - DAG(s) dict_keys(['monthly_stocks_etl']) retrieved from /opt/airflow/dags/etl_dag.py
[2023-12-28 04:54:25,337] {logging_mixin.py:115} INFO - [2023-12-28 04:54:25,337] {dag.py:2420} INFO - Sync 1 DAGs
[2023-12-28 04:54:25,352] {processor.py:161} INFO - Processing /opt/airflow/dags/etl_dag.py took 0.654 seconds
[2023-12-28 04:54:35,462] {processor.py:153} INFO - Started process (PID=339) to work on /opt/airflow/dags/etl_dag.py
[2023-12-28 04:54:35,463] {processor.py:641} INFO - Processing file /opt/airflow/dags/etl_dag.py for tasks to queue
[2023-12-28 04:54:35,464] {logging_mixin.py:115} INFO - [2023-12-28 04:54:35,464] {dagbag.py:508} INFO - Filling up the DagBag from /opt/airflow/dags/etl_dag.py
[2023-12-28 04:54:36,164] {processor.py:651} INFO - DAG(s) dict_keys(['monthly_stocks_etl']) retrieved from /opt/airflow/dags/etl_dag.py
[2023-12-28 04:54:36,174] {logging_mixin.py:115} INFO - [2023-12-28 04:54:36,174] {dag.py:2420} INFO - Sync 1 DAGs
[2023-12-28 04:54:36,189] {processor.py:161} INFO - Processing /opt/airflow/dags/etl_dag.py took 0.731 seconds
[2023-12-28 04:54:46,292] {processor.py:153} INFO - Started process (PID=345) to work on /opt/airflow/dags/etl_dag.py
[2023-12-28 04:54:46,293] {processor.py:641} INFO - Processing file /opt/airflow/dags/etl_dag.py for tasks to queue
[2023-12-28 04:54:46,294] {logging_mixin.py:115} INFO - [2023-12-28 04:54:46,294] {dagbag.py:508} INFO - Filling up the DagBag from /opt/airflow/dags/etl_dag.py
[2023-12-28 04:54:46,897] {processor.py:651} INFO - DAG(s) dict_keys(['monthly_stocks_etl']) retrieved from /opt/airflow/dags/etl_dag.py
[2023-12-28 04:54:46,906] {logging_mixin.py:115} INFO - [2023-12-28 04:54:46,906] {dag.py:2420} INFO - Sync 1 DAGs
[2023-12-28 04:54:46,919] {processor.py:161} INFO - Processing /opt/airflow/dags/etl_dag.py took 0.632 seconds
[2023-12-28 04:54:57,014] {processor.py:153} INFO - Started process (PID=351) to work on /opt/airflow/dags/etl_dag.py
[2023-12-28 04:54:57,015] {processor.py:641} INFO - Processing file /opt/airflow/dags/etl_dag.py for tasks to queue
[2023-12-28 04:54:57,016] {logging_mixin.py:115} INFO - [2023-12-28 04:54:57,016] {dagbag.py:508} INFO - Filling up the DagBag from /opt/airflow/dags/etl_dag.py
[2023-12-28 04:54:57,614] {processor.py:651} INFO - DAG(s) dict_keys(['monthly_stocks_etl']) retrieved from /opt/airflow/dags/etl_dag.py
[2023-12-28 04:54:57,624] {logging_mixin.py:115} INFO - [2023-12-28 04:54:57,623] {dag.py:2420} INFO - Sync 1 DAGs
[2023-12-28 04:54:57,637] {processor.py:161} INFO - Processing /opt/airflow/dags/etl_dag.py took 0.628 seconds
[2023-12-28 04:55:07,753] {processor.py:153} INFO - Started process (PID=357) to work on /opt/airflow/dags/etl_dag.py
[2023-12-28 04:55:07,754] {processor.py:641} INFO - Processing file /opt/airflow/dags/etl_dag.py for tasks to queue
[2023-12-28 04:55:07,755] {logging_mixin.py:115} INFO - [2023-12-28 04:55:07,755] {dagbag.py:508} INFO - Filling up the DagBag from /opt/airflow/dags/etl_dag.py
[2023-12-28 04:55:08,353] {processor.py:651} INFO - DAG(s) dict_keys(['monthly_stocks_etl']) retrieved from /opt/airflow/dags/etl_dag.py
[2023-12-28 04:55:08,362] {logging_mixin.py:115} INFO - [2023-12-28 04:55:08,362] {dag.py:2420} INFO - Sync 1 DAGs
[2023-12-28 04:55:08,375] {processor.py:161} INFO - Processing /opt/airflow/dags/etl_dag.py took 0.627 seconds
[2023-12-28 04:55:18,458] {processor.py:153} INFO - Started process (PID=363) to work on /opt/airflow/dags/etl_dag.py
[2023-12-28 04:55:18,459] {processor.py:641} INFO - Processing file /opt/airflow/dags/etl_dag.py for tasks to queue
[2023-12-28 04:55:18,460] {logging_mixin.py:115} INFO - [2023-12-28 04:55:18,460] {dagbag.py:508} INFO - Filling up the DagBag from /opt/airflow/dags/etl_dag.py
[2023-12-28 04:55:19,074] {processor.py:651} INFO - DAG(s) dict_keys(['monthly_stocks_etl']) retrieved from /opt/airflow/dags/etl_dag.py
[2023-12-28 04:55:19,084] {logging_mixin.py:115} INFO - [2023-12-28 04:55:19,083] {dag.py:2420} INFO - Sync 1 DAGs
[2023-12-28 04:55:19,097] {processor.py:161} INFO - Processing /opt/airflow/dags/etl_dag.py took 0.643 seconds
[2023-12-28 04:55:29,197] {processor.py:153} INFO - Started process (PID=369) to work on /opt/airflow/dags/etl_dag.py
[2023-12-28 04:55:29,198] {processor.py:641} INFO - Processing file /opt/airflow/dags/etl_dag.py for tasks to queue
[2023-12-28 04:55:29,198] {logging_mixin.py:115} INFO - [2023-12-28 04:55:29,198] {dagbag.py:508} INFO - Filling up the DagBag from /opt/airflow/dags/etl_dag.py
[2023-12-28 04:55:29,837] {processor.py:651} INFO - DAG(s) dict_keys(['monthly_stocks_etl']) retrieved from /opt/airflow/dags/etl_dag.py
[2023-12-28 04:55:29,846] {logging_mixin.py:115} INFO - [2023-12-28 04:55:29,846] {dag.py:2420} INFO - Sync 1 DAGs
[2023-12-28 04:55:29,861] {processor.py:161} INFO - Processing /opt/airflow/dags/etl_dag.py took 0.669 seconds
[2023-12-28 04:55:39,953] {processor.py:153} INFO - Started process (PID=375) to work on /opt/airflow/dags/etl_dag.py
[2023-12-28 04:55:39,954] {processor.py:641} INFO - Processing file /opt/airflow/dags/etl_dag.py for tasks to queue
[2023-12-28 04:55:39,955] {logging_mixin.py:115} INFO - [2023-12-28 04:55:39,955] {dagbag.py:508} INFO - Filling up the DagBag from /opt/airflow/dags/etl_dag.py
[2023-12-28 04:55:40,560] {processor.py:651} INFO - DAG(s) dict_keys(['monthly_stocks_etl']) retrieved from /opt/airflow/dags/etl_dag.py
[2023-12-28 04:55:40,569] {logging_mixin.py:115} INFO - [2023-12-28 04:55:40,569] {dag.py:2420} INFO - Sync 1 DAGs
[2023-12-28 04:55:40,582] {processor.py:161} INFO - Processing /opt/airflow/dags/etl_dag.py took 0.635 seconds
[2023-12-28 04:55:50,685] {processor.py:153} INFO - Started process (PID=381) to work on /opt/airflow/dags/etl_dag.py
[2023-12-28 04:55:50,686] {processor.py:641} INFO - Processing file /opt/airflow/dags/etl_dag.py for tasks to queue
[2023-12-28 04:55:50,687] {logging_mixin.py:115} INFO - [2023-12-28 04:55:50,686] {dagbag.py:508} INFO - Filling up the DagBag from /opt/airflow/dags/etl_dag.py
[2023-12-28 04:55:51,329] {processor.py:651} INFO - DAG(s) dict_keys(['monthly_stocks_etl']) retrieved from /opt/airflow/dags/etl_dag.py
[2023-12-28 04:55:51,338] {logging_mixin.py:115} INFO - [2023-12-28 04:55:51,338] {dag.py:2420} INFO - Sync 1 DAGs
[2023-12-28 04:55:51,352] {processor.py:161} INFO - Processing /opt/airflow/dags/etl_dag.py took 0.672 seconds
[2023-12-28 04:56:01,460] {processor.py:153} INFO - Started process (PID=387) to work on /opt/airflow/dags/etl_dag.py
[2023-12-28 04:56:01,461] {processor.py:641} INFO - Processing file /opt/airflow/dags/etl_dag.py for tasks to queue
[2023-12-28 04:56:01,462] {logging_mixin.py:115} INFO - [2023-12-28 04:56:01,462] {dagbag.py:508} INFO - Filling up the DagBag from /opt/airflow/dags/etl_dag.py
[2023-12-28 04:56:02,078] {processor.py:651} INFO - DAG(s) dict_keys(['monthly_stocks_etl']) retrieved from /opt/airflow/dags/etl_dag.py
[2023-12-28 04:56:02,087] {logging_mixin.py:115} INFO - [2023-12-28 04:56:02,087] {dag.py:2420} INFO - Sync 1 DAGs
[2023-12-28 04:56:02,100] {processor.py:161} INFO - Processing /opt/airflow/dags/etl_dag.py took 0.645 seconds
[2023-12-28 04:56:12,175] {processor.py:153} INFO - Started process (PID=393) to work on /opt/airflow/dags/etl_dag.py
[2023-12-28 04:56:12,175] {processor.py:641} INFO - Processing file /opt/airflow/dags/etl_dag.py for tasks to queue
[2023-12-28 04:56:12,175] {logging_mixin.py:115} INFO - [2023-12-28 04:56:12,175] {dagbag.py:508} INFO - Filling up the DagBag from /opt/airflow/dags/etl_dag.py
[2023-12-28 04:56:12,780] {processor.py:651} INFO - DAG(s) dict_keys(['monthly_stocks_etl']) retrieved from /opt/airflow/dags/etl_dag.py
[2023-12-28 04:56:12,789] {logging_mixin.py:115} INFO - [2023-12-28 04:56:12,789] {dag.py:2420} INFO - Sync 1 DAGs
[2023-12-28 04:56:12,802] {processor.py:161} INFO - Processing /opt/airflow/dags/etl_dag.py took 0.632 seconds
[2023-12-28 04:56:20,907] {processor.py:153} INFO - Started process (PID=399) to work on /opt/airflow/dags/etl_dag.py
[2023-12-28 04:56:20,908] {processor.py:641} INFO - Processing file /opt/airflow/dags/etl_dag.py for tasks to queue
[2023-12-28 04:56:20,909] {logging_mixin.py:115} INFO - [2023-12-28 04:56:20,909] {dagbag.py:508} INFO - Filling up the DagBag from /opt/airflow/dags/etl_dag.py
[2023-12-28 04:56:21,573] {processor.py:651} INFO - DAG(s) dict_keys(['monthly_stocks_etl']) retrieved from /opt/airflow/dags/etl_dag.py
[2023-12-28 04:56:21,584] {logging_mixin.py:115} INFO - [2023-12-28 04:56:21,583] {dag.py:2420} INFO - Sync 1 DAGs
[2023-12-28 04:56:21,600] {processor.py:161} INFO - Processing /opt/airflow/dags/etl_dag.py took 0.699 seconds
[2023-12-28 04:56:31,675] {processor.py:153} INFO - Started process (PID=405) to work on /opt/airflow/dags/etl_dag.py
[2023-12-28 04:56:31,677] {processor.py:641} INFO - Processing file /opt/airflow/dags/etl_dag.py for tasks to queue
[2023-12-28 04:56:31,677] {logging_mixin.py:115} INFO - [2023-12-28 04:56:31,677] {dagbag.py:508} INFO - Filling up the DagBag from /opt/airflow/dags/etl_dag.py
[2023-12-28 04:56:32,281] {processor.py:651} INFO - DAG(s) dict_keys(['monthly_stocks_etl']) retrieved from /opt/airflow/dags/etl_dag.py
[2023-12-28 04:56:32,291] {logging_mixin.py:115} INFO - [2023-12-28 04:56:32,291] {dag.py:2420} INFO - Sync 1 DAGs
[2023-12-28 04:56:32,305] {processor.py:161} INFO - Processing /opt/airflow/dags/etl_dag.py took 0.634 seconds
[2023-12-28 04:56:42,411] {processor.py:153} INFO - Started process (PID=411) to work on /opt/airflow/dags/etl_dag.py
[2023-12-28 04:56:42,413] {processor.py:641} INFO - Processing file /opt/airflow/dags/etl_dag.py for tasks to queue
[2023-12-28 04:56:42,414] {logging_mixin.py:115} INFO - [2023-12-28 04:56:42,414] {dagbag.py:508} INFO - Filling up the DagBag from /opt/airflow/dags/etl_dag.py
[2023-12-28 04:56:43,014] {processor.py:651} INFO - DAG(s) dict_keys(['monthly_stocks_etl']) retrieved from /opt/airflow/dags/etl_dag.py
[2023-12-28 04:56:43,023] {logging_mixin.py:115} INFO - [2023-12-28 04:56:43,023] {dag.py:2420} INFO - Sync 1 DAGs
[2023-12-28 04:56:43,036] {processor.py:161} INFO - Processing /opt/airflow/dags/etl_dag.py took 0.632 seconds
[2023-12-28 04:56:53,102] {processor.py:153} INFO - Started process (PID=417) to work on /opt/airflow/dags/etl_dag.py
[2023-12-28 04:56:53,103] {processor.py:641} INFO - Processing file /opt/airflow/dags/etl_dag.py for tasks to queue
[2023-12-28 04:56:53,104] {logging_mixin.py:115} INFO - [2023-12-28 04:56:53,103] {dagbag.py:508} INFO - Filling up the DagBag from /opt/airflow/dags/etl_dag.py
[2023-12-28 04:56:53,756] {processor.py:651} INFO - DAG(s) dict_keys(['monthly_stocks_etl']) retrieved from /opt/airflow/dags/etl_dag.py
[2023-12-28 04:56:53,765] {logging_mixin.py:115} INFO - [2023-12-28 04:56:53,765] {dag.py:2420} INFO - Sync 1 DAGs
[2023-12-28 04:56:53,779] {processor.py:161} INFO - Processing /opt/airflow/dags/etl_dag.py took 0.681 seconds
[2023-12-28 04:57:03,913] {processor.py:153} INFO - Started process (PID=423) to work on /opt/airflow/dags/etl_dag.py
[2023-12-28 04:57:03,916] {processor.py:641} INFO - Processing file /opt/airflow/dags/etl_dag.py for tasks to queue
[2023-12-28 04:57:03,917] {logging_mixin.py:115} INFO - [2023-12-28 04:57:03,917] {dagbag.py:508} INFO - Filling up the DagBag from /opt/airflow/dags/etl_dag.py
[2023-12-28 04:57:04,564] {processor.py:651} INFO - DAG(s) dict_keys(['monthly_stocks_etl']) retrieved from /opt/airflow/dags/etl_dag.py
[2023-12-28 04:57:04,575] {logging_mixin.py:115} INFO - [2023-12-28 04:57:04,574] {dag.py:2420} INFO - Sync 1 DAGs
[2023-12-28 04:57:04,590] {processor.py:161} INFO - Processing /opt/airflow/dags/etl_dag.py took 0.684 seconds
[2023-12-28 04:57:14,671] {processor.py:153} INFO - Started process (PID=429) to work on /opt/airflow/dags/etl_dag.py
[2023-12-28 04:57:14,672] {processor.py:641} INFO - Processing file /opt/airflow/dags/etl_dag.py for tasks to queue
[2023-12-28 04:57:14,672] {logging_mixin.py:115} INFO - [2023-12-28 04:57:14,672] {dagbag.py:508} INFO - Filling up the DagBag from /opt/airflow/dags/etl_dag.py
[2023-12-28 04:57:15,318] {processor.py:651} INFO - DAG(s) dict_keys(['monthly_stocks_etl']) retrieved from /opt/airflow/dags/etl_dag.py
[2023-12-28 04:57:15,328] {logging_mixin.py:115} INFO - [2023-12-28 04:57:15,327] {dag.py:2420} INFO - Sync 1 DAGs
[2023-12-28 04:57:15,342] {processor.py:161} INFO - Processing /opt/airflow/dags/etl_dag.py took 0.674 seconds
[2023-12-28 04:57:25,480] {processor.py:153} INFO - Started process (PID=435) to work on /opt/airflow/dags/etl_dag.py
[2023-12-28 04:57:25,481] {processor.py:641} INFO - Processing file /opt/airflow/dags/etl_dag.py for tasks to queue
[2023-12-28 04:57:25,482] {logging_mixin.py:115} INFO - [2023-12-28 04:57:25,482] {dagbag.py:508} INFO - Filling up the DagBag from /opt/airflow/dags/etl_dag.py
[2023-12-28 04:57:26,128] {processor.py:651} INFO - DAG(s) dict_keys(['monthly_stocks_etl']) retrieved from /opt/airflow/dags/etl_dag.py
[2023-12-28 04:57:26,137] {logging_mixin.py:115} INFO - [2023-12-28 04:57:26,137] {dag.py:2420} INFO - Sync 1 DAGs
[2023-12-28 04:57:26,150] {processor.py:161} INFO - Processing /opt/airflow/dags/etl_dag.py took 0.677 seconds
[2023-12-28 04:57:36,244] {processor.py:153} INFO - Started process (PID=441) to work on /opt/airflow/dags/etl_dag.py
[2023-12-28 04:57:36,244] {processor.py:641} INFO - Processing file /opt/airflow/dags/etl_dag.py for tasks to queue
[2023-12-28 04:57:36,245] {logging_mixin.py:115} INFO - [2023-12-28 04:57:36,245] {dagbag.py:508} INFO - Filling up the DagBag from /opt/airflow/dags/etl_dag.py
[2023-12-28 04:57:36,866] {processor.py:651} INFO - DAG(s) dict_keys(['monthly_stocks_etl']) retrieved from /opt/airflow/dags/etl_dag.py
[2023-12-28 04:57:36,875] {logging_mixin.py:115} INFO - [2023-12-28 04:57:36,875] {dag.py:2420} INFO - Sync 1 DAGs
[2023-12-28 04:57:36,890] {processor.py:161} INFO - Processing /opt/airflow/dags/etl_dag.py took 0.652 seconds
[2023-12-28 04:57:46,999] {processor.py:153} INFO - Started process (PID=447) to work on /opt/airflow/dags/etl_dag.py
[2023-12-28 04:57:47,000] {processor.py:641} INFO - Processing file /opt/airflow/dags/etl_dag.py for tasks to queue
[2023-12-28 04:57:47,001] {logging_mixin.py:115} INFO - [2023-12-28 04:57:47,001] {dagbag.py:508} INFO - Filling up the DagBag from /opt/airflow/dags/etl_dag.py
[2023-12-28 04:57:47,610] {processor.py:651} INFO - DAG(s) dict_keys(['monthly_stocks_etl']) retrieved from /opt/airflow/dags/etl_dag.py
[2023-12-28 04:57:47,619] {logging_mixin.py:115} INFO - [2023-12-28 04:57:47,618] {dag.py:2420} INFO - Sync 1 DAGs
[2023-12-28 04:57:47,631] {processor.py:161} INFO - Processing /opt/airflow/dags/etl_dag.py took 0.639 seconds
[2023-12-28 04:57:57,735] {processor.py:153} INFO - Started process (PID=453) to work on /opt/airflow/dags/etl_dag.py
[2023-12-28 04:57:57,736] {processor.py:641} INFO - Processing file /opt/airflow/dags/etl_dag.py for tasks to queue
[2023-12-28 04:57:57,736] {logging_mixin.py:115} INFO - [2023-12-28 04:57:57,736] {dagbag.py:508} INFO - Filling up the DagBag from /opt/airflow/dags/etl_dag.py
[2023-12-28 04:57:58,389] {processor.py:651} INFO - DAG(s) dict_keys(['monthly_stocks_etl']) retrieved from /opt/airflow/dags/etl_dag.py
[2023-12-28 04:57:58,399] {logging_mixin.py:115} INFO - [2023-12-28 04:57:58,399] {dag.py:2420} INFO - Sync 1 DAGs
[2023-12-28 04:57:58,413] {processor.py:161} INFO - Processing /opt/airflow/dags/etl_dag.py took 0.684 seconds
[2023-12-28 04:58:08,481] {processor.py:153} INFO - Started process (PID=459) to work on /opt/airflow/dags/etl_dag.py
[2023-12-28 04:58:08,482] {processor.py:641} INFO - Processing file /opt/airflow/dags/etl_dag.py for tasks to queue
[2023-12-28 04:58:08,482] {logging_mixin.py:115} INFO - [2023-12-28 04:58:08,482] {dagbag.py:508} INFO - Filling up the DagBag from /opt/airflow/dags/etl_dag.py
[2023-12-28 04:58:09,076] {processor.py:651} INFO - DAG(s) dict_keys(['monthly_stocks_etl']) retrieved from /opt/airflow/dags/etl_dag.py
[2023-12-28 04:58:09,086] {logging_mixin.py:115} INFO - [2023-12-28 04:58:09,085] {dag.py:2420} INFO - Sync 1 DAGs
[2023-12-28 04:58:09,099] {processor.py:161} INFO - Processing /opt/airflow/dags/etl_dag.py took 0.620 seconds
[2023-12-28 04:58:19,189] {processor.py:153} INFO - Started process (PID=465) to work on /opt/airflow/dags/etl_dag.py
[2023-12-28 04:58:19,190] {processor.py:641} INFO - Processing file /opt/airflow/dags/etl_dag.py for tasks to queue
[2023-12-28 04:58:19,190] {logging_mixin.py:115} INFO - [2023-12-28 04:58:19,190] {dagbag.py:508} INFO - Filling up the DagBag from /opt/airflow/dags/etl_dag.py
[2023-12-28 04:58:19,863] {processor.py:651} INFO - DAG(s) dict_keys(['monthly_stocks_etl']) retrieved from /opt/airflow/dags/etl_dag.py
[2023-12-28 04:58:19,874] {logging_mixin.py:115} INFO - [2023-12-28 04:58:19,874] {dag.py:2420} INFO - Sync 1 DAGs
[2023-12-28 04:58:19,889] {processor.py:161} INFO - Processing /opt/airflow/dags/etl_dag.py took 0.703 seconds
[2023-12-28 04:58:29,929] {processor.py:153} INFO - Started process (PID=471) to work on /opt/airflow/dags/etl_dag.py
[2023-12-28 04:58:29,934] {processor.py:641} INFO - Processing file /opt/airflow/dags/etl_dag.py for tasks to queue
[2023-12-28 04:58:29,939] {logging_mixin.py:115} INFO - [2023-12-28 04:58:29,939] {dagbag.py:508} INFO - Filling up the DagBag from /opt/airflow/dags/etl_dag.py
[2023-12-28 04:58:30,578] {processor.py:651} INFO - DAG(s) dict_keys(['monthly_stocks_etl']) retrieved from /opt/airflow/dags/etl_dag.py
[2023-12-28 04:58:30,588] {logging_mixin.py:115} INFO - [2023-12-28 04:58:30,588] {dag.py:2420} INFO - Sync 1 DAGs
[2023-12-28 04:58:30,602] {processor.py:161} INFO - Processing /opt/airflow/dags/etl_dag.py took 0.679 seconds
[2023-12-28 04:58:40,683] {processor.py:153} INFO - Started process (PID=525) to work on /opt/airflow/dags/etl_dag.py
[2023-12-28 04:58:40,684] {processor.py:641} INFO - Processing file /opt/airflow/dags/etl_dag.py for tasks to queue
[2023-12-28 04:58:40,684] {logging_mixin.py:115} INFO - [2023-12-28 04:58:40,684] {dagbag.py:508} INFO - Filling up the DagBag from /opt/airflow/dags/etl_dag.py
[2023-12-28 04:58:41,602] {processor.py:651} INFO - DAG(s) dict_keys(['monthly_stocks_etl']) retrieved from /opt/airflow/dags/etl_dag.py
[2023-12-28 04:58:41,620] {logging_mixin.py:115} INFO - [2023-12-28 04:58:41,620] {dag.py:2420} INFO - Sync 1 DAGs
[2023-12-28 04:58:41,640] {processor.py:161} INFO - Processing /opt/airflow/dags/etl_dag.py took 0.964 seconds
[2023-12-28 04:58:51,751] {processor.py:153} INFO - Started process (PID=537) to work on /opt/airflow/dags/etl_dag.py
[2023-12-28 04:58:51,753] {processor.py:641} INFO - Processing file /opt/airflow/dags/etl_dag.py for tasks to queue
[2023-12-28 04:58:51,754] {logging_mixin.py:115} INFO - [2023-12-28 04:58:51,754] {dagbag.py:508} INFO - Filling up the DagBag from /opt/airflow/dags/etl_dag.py
[2023-12-28 04:58:52,488] {processor.py:651} INFO - DAG(s) dict_keys(['monthly_stocks_etl']) retrieved from /opt/airflow/dags/etl_dag.py
[2023-12-28 04:58:52,498] {logging_mixin.py:115} INFO - [2023-12-28 04:58:52,498] {dag.py:2420} INFO - Sync 1 DAGs
[2023-12-28 04:58:52,509] {logging_mixin.py:115} INFO - [2023-12-28 04:58:52,509] {dag.py:2972} INFO - Setting next_dagrun for monthly_stocks_etl to 2023-12-28T00:00:00+00:00, run_after=2023-12-29T00:00:00+00:00
[2023-12-28 04:58:52,514] {processor.py:161} INFO - Processing /opt/airflow/dags/etl_dag.py took 0.772 seconds
[2023-12-28 04:59:02,599] {processor.py:153} INFO - Started process (PID=543) to work on /opt/airflow/dags/etl_dag.py
[2023-12-28 04:59:02,600] {processor.py:641} INFO - Processing file /opt/airflow/dags/etl_dag.py for tasks to queue
[2023-12-28 04:59:02,600] {logging_mixin.py:115} INFO - [2023-12-28 04:59:02,600] {dagbag.py:508} INFO - Filling up the DagBag from /opt/airflow/dags/etl_dag.py
[2023-12-28 04:59:03,269] {processor.py:651} INFO - DAG(s) dict_keys(['monthly_stocks_etl']) retrieved from /opt/airflow/dags/etl_dag.py
[2023-12-28 04:59:03,280] {logging_mixin.py:115} INFO - [2023-12-28 04:59:03,280] {dag.py:2420} INFO - Sync 1 DAGs
[2023-12-28 04:59:03,290] {logging_mixin.py:115} INFO - [2023-12-28 04:59:03,290] {dag.py:2972} INFO - Setting next_dagrun for monthly_stocks_etl to 2023-12-28T00:00:00+00:00, run_after=2023-12-29T00:00:00+00:00
[2023-12-28 04:59:03,295] {processor.py:161} INFO - Processing /opt/airflow/dags/etl_dag.py took 0.699 seconds
[2023-12-28 04:59:13,389] {processor.py:153} INFO - Started process (PID=549) to work on /opt/airflow/dags/etl_dag.py
[2023-12-28 04:59:13,392] {processor.py:641} INFO - Processing file /opt/airflow/dags/etl_dag.py for tasks to queue
[2023-12-28 04:59:13,392] {logging_mixin.py:115} INFO - [2023-12-28 04:59:13,392] {dagbag.py:508} INFO - Filling up the DagBag from /opt/airflow/dags/etl_dag.py
[2023-12-28 04:59:14,037] {processor.py:651} INFO - DAG(s) dict_keys(['monthly_stocks_etl']) retrieved from /opt/airflow/dags/etl_dag.py
[2023-12-28 04:59:14,047] {logging_mixin.py:115} INFO - [2023-12-28 04:59:14,047] {dag.py:2420} INFO - Sync 1 DAGs
[2023-12-28 04:59:14,057] {logging_mixin.py:115} INFO - [2023-12-28 04:59:14,057] {dag.py:2972} INFO - Setting next_dagrun for monthly_stocks_etl to 2023-12-28T00:00:00+00:00, run_after=2023-12-29T00:00:00+00:00
[2023-12-28 04:59:14,062] {processor.py:161} INFO - Processing /opt/airflow/dags/etl_dag.py took 0.680 seconds
[2023-12-28 04:59:24,176] {processor.py:153} INFO - Started process (PID=555) to work on /opt/airflow/dags/etl_dag.py
[2023-12-28 04:59:24,178] {processor.py:641} INFO - Processing file /opt/airflow/dags/etl_dag.py for tasks to queue
[2023-12-28 04:59:24,179] {logging_mixin.py:115} INFO - [2023-12-28 04:59:24,179] {dagbag.py:508} INFO - Filling up the DagBag from /opt/airflow/dags/etl_dag.py
[2023-12-28 04:59:24,806] {processor.py:651} INFO - DAG(s) dict_keys(['monthly_stocks_etl']) retrieved from /opt/airflow/dags/etl_dag.py
[2023-12-28 04:59:24,816] {logging_mixin.py:115} INFO - [2023-12-28 04:59:24,816] {dag.py:2420} INFO - Sync 1 DAGs
[2023-12-28 04:59:24,826] {logging_mixin.py:115} INFO - [2023-12-28 04:59:24,826] {dag.py:2972} INFO - Setting next_dagrun for monthly_stocks_etl to 2023-12-28T00:00:00+00:00, run_after=2023-12-29T00:00:00+00:00
[2023-12-28 04:59:24,831] {processor.py:161} INFO - Processing /opt/airflow/dags/etl_dag.py took 0.661 seconds
[2023-12-28 04:59:34,935] {processor.py:153} INFO - Started process (PID=561) to work on /opt/airflow/dags/etl_dag.py
[2023-12-28 04:59:34,936] {processor.py:641} INFO - Processing file /opt/airflow/dags/etl_dag.py for tasks to queue
[2023-12-28 04:59:34,937] {logging_mixin.py:115} INFO - [2023-12-28 04:59:34,936] {dagbag.py:508} INFO - Filling up the DagBag from /opt/airflow/dags/etl_dag.py
[2023-12-28 04:59:35,532] {processor.py:651} INFO - DAG(s) dict_keys(['monthly_stocks_etl']) retrieved from /opt/airflow/dags/etl_dag.py
[2023-12-28 04:59:35,542] {logging_mixin.py:115} INFO - [2023-12-28 04:59:35,542] {dag.py:2420} INFO - Sync 1 DAGs
[2023-12-28 04:59:35,551] {logging_mixin.py:115} INFO - [2023-12-28 04:59:35,551] {dag.py:2972} INFO - Setting next_dagrun for monthly_stocks_etl to 2023-12-28T00:00:00+00:00, run_after=2023-12-29T00:00:00+00:00
[2023-12-28 04:59:35,556] {processor.py:161} INFO - Processing /opt/airflow/dags/etl_dag.py took 0.628 seconds
[2023-12-28 04:59:45,604] {processor.py:153} INFO - Started process (PID=567) to work on /opt/airflow/dags/etl_dag.py
[2023-12-28 04:59:45,605] {processor.py:641} INFO - Processing file /opt/airflow/dags/etl_dag.py for tasks to queue
[2023-12-28 04:59:45,605] {logging_mixin.py:115} INFO - [2023-12-28 04:59:45,605] {dagbag.py:508} INFO - Filling up the DagBag from /opt/airflow/dags/etl_dag.py
[2023-12-28 04:59:46,198] {processor.py:651} INFO - DAG(s) dict_keys(['monthly_stocks_etl']) retrieved from /opt/airflow/dags/etl_dag.py
[2023-12-28 04:59:46,208] {logging_mixin.py:115} INFO - [2023-12-28 04:59:46,208] {dag.py:2420} INFO - Sync 1 DAGs
[2023-12-28 04:59:46,217] {logging_mixin.py:115} INFO - [2023-12-28 04:59:46,217] {dag.py:2972} INFO - Setting next_dagrun for monthly_stocks_etl to 2023-12-28T00:00:00+00:00, run_after=2023-12-29T00:00:00+00:00
[2023-12-28 04:59:46,222] {processor.py:161} INFO - Processing /opt/airflow/dags/etl_dag.py took 0.621 seconds
[2023-12-28 04:59:56,343] {processor.py:153} INFO - Started process (PID=573) to work on /opt/airflow/dags/etl_dag.py
[2023-12-28 04:59:56,346] {processor.py:641} INFO - Processing file /opt/airflow/dags/etl_dag.py for tasks to queue
[2023-12-28 04:59:56,347] {logging_mixin.py:115} INFO - [2023-12-28 04:59:56,346] {dagbag.py:508} INFO - Filling up the DagBag from /opt/airflow/dags/etl_dag.py
[2023-12-28 04:59:56,956] {processor.py:651} INFO - DAG(s) dict_keys(['monthly_stocks_etl']) retrieved from /opt/airflow/dags/etl_dag.py
[2023-12-28 04:59:56,965] {logging_mixin.py:115} INFO - [2023-12-28 04:59:56,965] {dag.py:2420} INFO - Sync 1 DAGs
[2023-12-28 04:59:56,975] {logging_mixin.py:115} INFO - [2023-12-28 04:59:56,974] {dag.py:2972} INFO - Setting next_dagrun for monthly_stocks_etl to 2023-12-28T00:00:00+00:00, run_after=2023-12-29T00:00:00+00:00
[2023-12-28 04:59:56,979] {processor.py:161} INFO - Processing /opt/airflow/dags/etl_dag.py took 0.643 seconds
[2023-12-28 05:00:07,057] {processor.py:153} INFO - Started process (PID=579) to work on /opt/airflow/dags/etl_dag.py
[2023-12-28 05:00:07,058] {processor.py:641} INFO - Processing file /opt/airflow/dags/etl_dag.py for tasks to queue
[2023-12-28 05:00:07,059] {logging_mixin.py:115} INFO - [2023-12-28 05:00:07,059] {dagbag.py:508} INFO - Filling up the DagBag from /opt/airflow/dags/etl_dag.py
[2023-12-28 05:00:07,645] {processor.py:651} INFO - DAG(s) dict_keys(['monthly_stocks_etl']) retrieved from /opt/airflow/dags/etl_dag.py
[2023-12-28 05:00:07,654] {logging_mixin.py:115} INFO - [2023-12-28 05:00:07,654] {dag.py:2420} INFO - Sync 1 DAGs
[2023-12-28 05:00:07,663] {logging_mixin.py:115} INFO - [2023-12-28 05:00:07,663] {dag.py:2972} INFO - Setting next_dagrun for monthly_stocks_etl to 2023-12-28T00:00:00+00:00, run_after=2023-12-29T00:00:00+00:00
[2023-12-28 05:00:07,668] {processor.py:161} INFO - Processing /opt/airflow/dags/etl_dag.py took 0.614 seconds
[2023-12-28 05:00:17,774] {processor.py:153} INFO - Started process (PID=585) to work on /opt/airflow/dags/etl_dag.py
[2023-12-28 05:00:17,777] {processor.py:641} INFO - Processing file /opt/airflow/dags/etl_dag.py for tasks to queue
[2023-12-28 05:00:17,778] {logging_mixin.py:115} INFO - [2023-12-28 05:00:17,778] {dagbag.py:508} INFO - Filling up the DagBag from /opt/airflow/dags/etl_dag.py
[2023-12-28 05:00:18,376] {processor.py:651} INFO - DAG(s) dict_keys(['monthly_stocks_etl']) retrieved from /opt/airflow/dags/etl_dag.py
[2023-12-28 05:00:18,385] {logging_mixin.py:115} INFO - [2023-12-28 05:00:18,385] {dag.py:2420} INFO - Sync 1 DAGs
[2023-12-28 05:00:18,394] {logging_mixin.py:115} INFO - [2023-12-28 05:00:18,394] {dag.py:2972} INFO - Setting next_dagrun for monthly_stocks_etl to 2023-12-28T00:00:00+00:00, run_after=2023-12-29T00:00:00+00:00
[2023-12-28 05:00:18,398] {processor.py:161} INFO - Processing /opt/airflow/dags/etl_dag.py took 0.631 seconds
[2023-12-28 05:00:28,471] {processor.py:153} INFO - Started process (PID=591) to work on /opt/airflow/dags/etl_dag.py
[2023-12-28 05:00:28,472] {processor.py:641} INFO - Processing file /opt/airflow/dags/etl_dag.py for tasks to queue
[2023-12-28 05:00:28,472] {logging_mixin.py:115} INFO - [2023-12-28 05:00:28,472] {dagbag.py:508} INFO - Filling up the DagBag from /opt/airflow/dags/etl_dag.py
[2023-12-28 05:00:29,066] {processor.py:651} INFO - DAG(s) dict_keys(['monthly_stocks_etl']) retrieved from /opt/airflow/dags/etl_dag.py
[2023-12-28 05:00:29,075] {logging_mixin.py:115} INFO - [2023-12-28 05:00:29,075] {dag.py:2420} INFO - Sync 1 DAGs
[2023-12-28 05:00:29,085] {logging_mixin.py:115} INFO - [2023-12-28 05:00:29,085] {dag.py:2972} INFO - Setting next_dagrun for monthly_stocks_etl to 2023-12-28T00:00:00+00:00, run_after=2023-12-29T00:00:00+00:00
[2023-12-28 05:00:29,090] {processor.py:161} INFO - Processing /opt/airflow/dags/etl_dag.py took 0.623 seconds
[2023-12-28 05:00:39,179] {processor.py:153} INFO - Started process (PID=597) to work on /opt/airflow/dags/etl_dag.py
[2023-12-28 05:00:39,180] {processor.py:641} INFO - Processing file /opt/airflow/dags/etl_dag.py for tasks to queue
[2023-12-28 05:00:39,180] {logging_mixin.py:115} INFO - [2023-12-28 05:00:39,180] {dagbag.py:508} INFO - Filling up the DagBag from /opt/airflow/dags/etl_dag.py
[2023-12-28 05:00:39,803] {processor.py:651} INFO - DAG(s) dict_keys(['monthly_stocks_etl']) retrieved from /opt/airflow/dags/etl_dag.py
[2023-12-28 05:00:39,813] {logging_mixin.py:115} INFO - [2023-12-28 05:00:39,813] {dag.py:2420} INFO - Sync 1 DAGs
[2023-12-28 05:00:39,822] {logging_mixin.py:115} INFO - [2023-12-28 05:00:39,822] {dag.py:2972} INFO - Setting next_dagrun for monthly_stocks_etl to 2023-12-28T00:00:00+00:00, run_after=2023-12-29T00:00:00+00:00
[2023-12-28 05:00:39,827] {processor.py:161} INFO - Processing /opt/airflow/dags/etl_dag.py took 0.650 seconds
[2023-12-28 05:00:49,916] {processor.py:153} INFO - Started process (PID=603) to work on /opt/airflow/dags/etl_dag.py
[2023-12-28 05:00:49,918] {processor.py:641} INFO - Processing file /opt/airflow/dags/etl_dag.py for tasks to queue
[2023-12-28 05:00:49,919] {logging_mixin.py:115} INFO - [2023-12-28 05:00:49,919] {dagbag.py:508} INFO - Filling up the DagBag from /opt/airflow/dags/etl_dag.py
[2023-12-28 05:00:50,540] {processor.py:651} INFO - DAG(s) dict_keys(['monthly_stocks_etl']) retrieved from /opt/airflow/dags/etl_dag.py
[2023-12-28 05:00:50,550] {logging_mixin.py:115} INFO - [2023-12-28 05:00:50,549] {dag.py:2420} INFO - Sync 1 DAGs
[2023-12-28 05:00:50,559] {logging_mixin.py:115} INFO - [2023-12-28 05:00:50,559] {dag.py:2972} INFO - Setting next_dagrun for monthly_stocks_etl to 2023-12-28T00:00:00+00:00, run_after=2023-12-29T00:00:00+00:00
[2023-12-28 05:00:50,564] {processor.py:161} INFO - Processing /opt/airflow/dags/etl_dag.py took 0.655 seconds
