[2023-12-29 01:57:46,909] {taskinstance.py:1179} INFO - Dependencies all met for <TaskInstance: monthly_stocks_etl.email_task manual__2023-12-29T01:57:38.965454+00:00 [queued]>
[2023-12-29 01:57:46,914] {taskinstance.py:1179} INFO - Dependencies all met for <TaskInstance: monthly_stocks_etl.email_task manual__2023-12-29T01:57:38.965454+00:00 [queued]>
[2023-12-29 01:57:46,914] {taskinstance.py:1376} INFO - 
--------------------------------------------------------------------------------
[2023-12-29 01:57:46,914] {taskinstance.py:1377} INFO - Starting attempt 1 of 2
[2023-12-29 01:57:46,914] {taskinstance.py:1378} INFO - 
--------------------------------------------------------------------------------
[2023-12-29 01:57:46,920] {taskinstance.py:1397} INFO - Executing <Task(PythonOperator): email_task> on 2023-12-29 01:57:38.965454+00:00
[2023-12-29 01:57:46,924] {standard_task_runner.py:52} INFO - Started process 211 to run task
[2023-12-29 01:57:46,926] {standard_task_runner.py:79} INFO - Running: ['***', 'tasks', 'run', 'monthly_stocks_etl', 'email_task', 'manual__2023-12-29T01:57:38.965454+00:00', '--job-id', '67', '--raw', '--subdir', 'DAGS_FOLDER/etl_dag.py', '--cfg-path', '/tmp/tmpm03vvioz', '--error-file', '/tmp/tmp12558b83']
[2023-12-29 01:57:46,927] {standard_task_runner.py:80} INFO - Job 67: Subtask email_task
[2023-12-29 01:57:46,962] {task_command.py:371} INFO - Running <TaskInstance: monthly_stocks_etl.email_task manual__2023-12-29T01:57:38.965454+00:00 [running]> on host 476b9ce47c04
[2023-12-29 01:57:46,996] {taskinstance.py:1591} INFO - Exporting the following env vars:
AIRFLOW_CTX_DAG_OWNER=***
AIRFLOW_CTX_DAG_ID=monthly_stocks_etl
AIRFLOW_CTX_TASK_ID=email_task
AIRFLOW_CTX_EXECUTION_DATE=2023-12-29T01:57:38.965454+00:00
AIRFLOW_CTX_TRY_NUMBER=1
AIRFLOW_CTX_DAG_RUN_ID=manual__2023-12-29T01:57:38.965454+00:00
[2023-12-29 01:57:48,197] {logging_mixin.py:115} INFO - (555, b'5.5.2 Syntax error, cannot decode response. For more information, go to\n5.5.2  https://support.google.com/a/answer/3221692 and review RFC 5321\n5.5.2 specifications. z16-20020a170903019000b001d0b6caddbasm14402136plg.291 - gsmtp', 'hashtagfp@@gmail.com')
[2023-12-29 01:57:48,198] {logging_mixin.py:115} INFO - Failure
[2023-12-29 01:57:48,200] {python.py:173} INFO - Done. Returned value was: None
[2023-12-29 01:57:48,231] {taskinstance.py:1420} INFO - Marking task as SUCCESS. dag_id=monthly_stocks_etl, task_id=email_task, execution_date=20231229T015738, start_date=20231229T015746, end_date=20231229T015748
[2023-12-29 01:57:48,290] {local_task_job.py:156} INFO - Task exited with return code 0
[2023-12-29 01:57:48,312] {local_task_job.py:273} INFO - 0 downstream tasks scheduled from follow-on schedule check
