[2023-12-29 01:59:57,955] {taskinstance.py:1179} INFO - Dependencies all met for <TaskInstance: monthly_stocks_etl.etl_process manual__2023-12-29T01:59:56.894746+00:00 [queued]>
[2023-12-29 01:59:57,960] {taskinstance.py:1179} INFO - Dependencies all met for <TaskInstance: monthly_stocks_etl.etl_process manual__2023-12-29T01:59:56.894746+00:00 [queued]>
[2023-12-29 01:59:57,961] {taskinstance.py:1376} INFO - 
--------------------------------------------------------------------------------
[2023-12-29 01:59:57,961] {taskinstance.py:1377} INFO - Starting attempt 1 of 2
[2023-12-29 01:59:57,961] {taskinstance.py:1378} INFO - 
--------------------------------------------------------------------------------
[2023-12-29 01:59:57,968] {taskinstance.py:1397} INFO - Executing <Task(PythonOperator): etl_process> on 2023-12-29 01:59:56.894746+00:00
[2023-12-29 01:59:57,971] {standard_task_runner.py:52} INFO - Started process 188 to run task
[2023-12-29 01:59:57,974] {standard_task_runner.py:79} INFO - Running: ['***', 'tasks', 'run', 'monthly_stocks_etl', 'etl_process', 'manual__2023-12-29T01:59:56.894746+00:00', '--job-id', '69', '--raw', '--subdir', 'DAGS_FOLDER/etl_dag.py', '--cfg-path', '/tmp/tmpdfzsgxny', '--error-file', '/tmp/tmp4hsmsljd']
[2023-12-29 01:59:57,975] {standard_task_runner.py:80} INFO - Job 69: Subtask etl_process
[2023-12-29 01:59:58,009] {task_command.py:371} INFO - Running <TaskInstance: monthly_stocks_etl.etl_process manual__2023-12-29T01:59:56.894746+00:00 [running]> on host 476b9ce47c04
[2023-12-29 01:59:58,048] {taskinstance.py:1591} INFO - Exporting the following env vars:
AIRFLOW_CTX_DAG_OWNER=***
AIRFLOW_CTX_DAG_ID=monthly_stocks_etl
AIRFLOW_CTX_TASK_ID=etl_process
AIRFLOW_CTX_EXECUTION_DATE=2023-12-29T01:59:56.894746+00:00
AIRFLOW_CTX_TRY_NUMBER=1
AIRFLOW_CTX_DAG_RUN_ID=manual__2023-12-29T01:59:56.894746+00:00
[2023-12-29 01:59:59,105] {logging_mixin.py:115} INFO - Connected to Redshift successfully!
[2023-12-29 02:00:00,364] {logging_mixin.py:115} INFO - <Response [200]>
[2023-12-29 02:00:01,739] {logging_mixin.py:115} INFO - <Response [200]>
[2023-12-29 02:00:01,782] {logging_mixin.py:115} INFO - <class 'pandas.core.frame.DataFrame'>
RangeIndex: 578 entries, 0 to 577
Data columns (total 9 columns):
 #   Column           Non-Null Count  Dtype         
---  ------           --------------  -----         
 0   open             578 non-null    float64       
 1   high             578 non-null    float64       
 2   low              578 non-null    float64       
 3   close            578 non-null    float64       
 4   adjusted close   578 non-null    float64       
 5   volume           578 non-null    int64         
 6   dividend amount  578 non-null    float64       
 7   date             578 non-null    datetime64[ns]
 8   symbol           578 non-null    object        
dtypes: datetime64[ns](1), float64(6), int64(1), object(1)
memory usage: 40.8+ KB
[2023-12-29 02:00:02,385] {logging_mixin.py:115} INFO - Tabla creada exitosamente
[2023-12-29 02:00:02,387] {logging_mixin.py:115} INFO - ['open', 'high', 'low', 'close', 'adjusted close', 'volume', 'dividend amount', 'date', 'symbol']
[2023-12-29 02:00:02,388] {logging_mixin.py:115} INFO - 
            CREATE TABLE IF NOT EXISTS monthly_stocks_over_time ("open" FLOAT, "high" FLOAT, "low" FLOAT, "close" FLOAT, "adjusted close" FLOAT, "volume" VARCHAR(255), "dividend amount" FLOAT, "date" TIMESTAMP, "symbol" VARCHAR(255));
            
[2023-12-29 02:00:04,050] {logging_mixin.py:115} INFO - Proceso terminado
[2023-12-29 02:00:04,059] {logging_mixin.py:115} INFO - ['2020-09-30']
[2023-12-29 02:00:04,092] {logging_mixin.py:115} INFO - Rows with volume > 3000:
[2023-12-29 02:00:04,105] {logging_mixin.py:115} INFO -       open    high    low   close  ...  volume  dividend amount       date symbol
78  132.76  137.98  103.1  115.81  ...    3887              0.0 2020-09-30   AAPL

[1 rows x 9 columns]
[2023-12-29 02:00:04,106] {python.py:173} INFO - Done. Returned value was: None
[2023-12-29 02:00:04,117] {taskinstance.py:1420} INFO - Marking task as SUCCESS. dag_id=monthly_stocks_etl, task_id=etl_process, execution_date=20231229T015956, start_date=20231229T015957, end_date=20231229T020004
[2023-12-29 02:00:04,174] {local_task_job.py:156} INFO - Task exited with return code 0
[2023-12-29 02:00:04,189] {local_task_job.py:273} INFO - 1 downstream tasks scheduled from follow-on schedule check
